# JRE version: OpenJDK Runtime Environment (8.0_152-b06) (build 1.8.0_152-release-1136-b06)
# Java VM: OpenJDK 64-Bit Server VM (25.152-b06 mixed mode windows-amd64 compressed oops)
Heap:
 PSYoungGen      total 464896K, used 443920K [0x00000000e0000000, 0x0000000100000000, 0x0000000100000000)
  eden space 406528K, 100% used [0x00000000e0000000,0x00000000f8d00000,0x00000000f8d00000)
  from space 58368K, 64% used [0x00000000fc700000,0x00000000feb84290,0x0000000100000000)
  to   space 58880K, 47% used [0x00000000f8d00000,0x00000000fa867ec8,0x00000000fc680000)
 ParOldGen       total 340992K, used 140322K [0x00000000a0000000, 0x00000000b4d00000, 0x00000000e0000000)
  object space 340992K, 41% used [0x00000000a0000000,0x00000000a890ab18,0x00000000b4d00000)
 Metaspace       used 94066K, capacity 98098K, committed 99416K, reserved 1136640K
  class space    used 11648K, capacity 12512K, committed 12928K, reserved 1048576K
GC Heap History (10 events):
Event: 975.635 GC heap before
{Heap before GC invocations=30 (full 4):
 PSYoungGen      total 333312K, used 286333K [0x00000000e0000000, 0x00000000fc380000, 0x0000000100000000)
  eden space 272384K, 100% used [0x00000000e0000000,0x00000000f0a00000,0x00000000f0a00000)
  from space 60928K, 22% used [0x00000000f0a00000,0x00000000f179f7c0,0x00000000f4580000)
  to   space 59392K, 0% used [0x00000000f8980000,0x00000000f8980000,0x00000000fc380000)
 ParOldGen       total 340992K, used 114669K [0x00000000a0000000, 0x00000000b4d00000, 0x00000000e0000000)
  object space 340992K, 33% used [0x00000000a0000000,0x00000000a6ffb688,0x00000000b4d00000)
 Metaspace       used 93452K, capacity 97436K, committed 98904K, reserved 1134592K
  class space    used 11645K, capacity 12511K, committed 12928K, reserved 1048576K
Event: 975.650 GC heap after
Heap after GC invocations=30 (full 4):
 PSYoungGen      total 399872K, used 20368K [0x00000000e0000000, 0x00000000fbf80000, 0x0000000100000000)
  eden space 344576K, 0% used [0x00000000e0000000,0x00000000e0000000,0x00000000f5080000)
  from space 55296K, 36% used [0x00000000f8980000,0x00000000f9d64120,0x00000000fbf80000)
  to   space 56832K, 0% used [0x00000000f5080000,0x00000000f5080000,0x00000000f8800000)
 ParOldGen       total 340992K, used 114677K [0x00000000a0000000, 0x00000000b4d00000, 0x00000000e0000000)
  object space 340992K, 33% used [0x00000000a0000000,0x00000000a6ffd688,0x00000000b4d00000)
 Metaspace       used 93452K, capacity 97436K, committed 98904K, reserved 1134592K
  class space    used 11645K, capacity 12511K, committed 12928K, reserved 1048576K
}
Event: 975.950 GC heap before
{Heap before GC invocations=31 (full 4):
 PSYoungGen      total 399872K, used 364944K [0x00000000e0000000, 0x00000000fbf80000, 0x0000000100000000)
  eden space 344576K, 100% used [0x00000000e0000000,0x00000000f5080000,0x00000000f5080000)
  from space 55296K, 36% used [0x00000000f8980000,0x00000000f9d64120,0x00000000fbf80000)
  to   space 56832K, 0% used [0x00000000f5080000,0x00000000f5080000,0x00000000f8800000)
 ParOldGen       total 340992K, used 114677K [0x00000000a0000000, 0x00000000b4d00000, 0x00000000e0000000)
  object space 340992K, 33% used [0x00000000a0000000,0x00000000a6ffd688,0x00000000b4d00000)
 Metaspace       used 93526K, capacity 97520K, committed 98904K, reserved 1134592K
  class space    used 11646K, capacity 12511K, committed 12928K, reserved 1048576K
Event: 975.965 GC heap after
Heap after GC invocations=31 (full 4):
 PSYoungGen      total 401408K, used 28880K [0x00000000e0000000, 0x00000000ffe80000, 0x0000000100000000)
  eden space 344576K, 0% used [0x00000000e0000000,0x00000000e0000000,0x00000000f5080000)
  from space 56832K, 50% used [0x00000000f5080000,0x00000000f6cb41b0,0x00000000f8800000)
  to   space 55296K, 0% used [0x00000000fc880000,0x00000000fc880000,0x00000000ffe80000)
 ParOldGen       total 340992K, used 114685K [0x00000000a0000000, 0x00000000b4d00000, 0x00000000e0000000)
  object space 340992K, 33% used [0x00000000a0000000,0x00000000a6fff688,0x00000000b4d00000)
 Metaspace       used 93526K, capacity 97520K, committed 98904K, reserved 1134592K
  class space    used 11646K, capacity 12511K, committed 12928K, reserved 1048576K
}
Event: 976.270 GC heap before
{Heap before GC invocations=32 (full 4):
 PSYoungGen      total 401408K, used 373456K [0x00000000e0000000, 0x00000000ffe80000, 0x0000000100000000)
  eden space 344576K, 100% used [0x00000000e0000000,0x00000000f5080000,0x00000000f5080000)
  from space 56832K, 50% used [0x00000000f5080000,0x00000000f6cb41b0,0x00000000f8800000)
  to   space 55296K, 0% used [0x00000000fc880000,0x00000000fc880000,0x00000000ffe80000)
 ParOldGen       total 340992K, used 114685K [0x00000000a0000000, 0x00000000b4d00000, 0x00000000e0000000)
  object space 340992K, 33% used [0x00000000a0000000,0x00000000a6fff688,0x00000000b4d00000)
 Metaspace       used 93675K, capacity 97724K, committed 99160K, reserved 1136640K
  class space    used 11647K, capacity 12511K, committed 12928K, reserved 1048576K
Event: 976.290 GC heap after
Heap after GC invocations=32 (full 4):
 PSYoungGen      total 467456K, used 33526K [0x00000000e0000000, 0x00000000ffe80000, 0x0000000100000000)
  eden space 412160K, 0% used [0x00000000e0000000,0x00000000e0000000,0x00000000f9280000)
  from space 55296K, 60% used [0x00000000fc880000,0x00000000fe93d910,0x00000000ffe80000)
  to   space 55296K, 0% used [0x00000000f9280000,0x00000000f9280000,0x00000000fc880000)
 ParOldGen       total 340992K, used 114693K [0x00000000a0000000, 0x00000000b4d00000, 0x00000000e0000000)
  object space 340992K, 33% used [0x00000000a0000000,0x00000000a7001688,0x00000000b4d00000)
 Metaspace       used 93675K, capacity 97724K, committed 99160K, reserved 1136640K
  class space    used 11647K, capacity 12511K, committed 12928K, reserved 1048576K
}
Event: 976.579 GC heap before
{Heap before GC invocations=33 (full 4):
 PSYoungGen      total 467456K, used 445686K [0x00000000e0000000, 0x00000000ffe80000, 0x0000000100000000)
  eden space 412160K, 100% used [0x00000000e0000000,0x00000000f9280000,0x00000000f9280000)
  from space 55296K, 60% used [0x00000000fc880000,0x00000000fe93d910,0x00000000ffe80000)
  to   space 55296K, 0% used [0x00000000f9280000,0x00000000f9280000,0x00000000fc880000)
 ParOldGen       total 340992K, used 114791K [0x00000000a0000000, 0x00000000b4d00000, 0x00000000e0000000)
  object space 340992K, 33% used [0x00000000a0000000,0x00000000a7019f28,0x00000000b4d00000)
 Metaspace       used 93829K, capacity 97868K, committed 99160K, reserved 1136640K
  class space    used 11647K, capacity 12511K, committed 12928K, reserved 1048576K
Event: 976.603 GC heap after
Heap after GC invocations=33 (full 4):
 PSYoungGen      total 453120K, used 40918K [0x00000000e0000000, 0x0000000100000000, 0x0000000100000000)
  eden space 412160K, 0% used [0x00000000e0000000,0x00000000e0000000,0x00000000f9280000)
  from space 40960K, 99% used [0x00000000f9280000,0x00000000fba75b68,0x00000000fba80000)
  to   space 58368K, 0% used [0x00000000fc700000,0x00000000fc700000,0x0000000100000000)
 ParOldGen       total 340992K, used 114799K [0x00000000a0000000, 0x00000000b4d00000, 0x00000000e0000000)
  object space 340992K, 33% used [0x00000000a0000000,0x00000000a701bf28,0x00000000b4d00000)
 Metaspace       used 93829K, capacity 97868K, committed 99160K, reserved 1136640K
  class space    used 11647K, capacity 12511K, committed 12928K, reserved 1048576K
}
Event: 976.838 GC heap before
{Heap before GC invocations=34 (full 4):
 PSYoungGen      total 453120K, used 453078K [0x00000000e0000000, 0x0000000100000000, 0x0000000100000000)
  eden space 412160K, 100% used [0x00000000e0000000,0x00000000f9280000,0x00000000f9280000)
  from space 40960K, 99% used [0x00000000f9280000,0x00000000fba75b68,0x00000000fba80000)
  to   space 58368K, 0% used [0x00000000fc700000,0x00000000fc700000,0x0000000100000000)
 ParOldGen       total 340992K, used 114825K [0x00000000a0000000, 0x00000000b4d00000, 0x00000000e0000000)
  object space 340992K, 33% used [0x00000000a0000000,0x00000000a7022670,0x00000000b4d00000)
 Metaspace       used 93996K, capacity 98026K, committed 99416K, reserved 1136640K
  class space    used 11648K, capacity 12512K, committed 12928K, reserved 1048576K
Event: 976.860 GC heap after
Heap after GC invocations=34 (full 4):
 PSYoungGen      total 464896K, used 37392K [0x00000000e0000000, 0x0000000100000000, 0x0000000100000000)
  eden space 406528K, 0% used [0x00000000e0000000,0x00000000e0000000,0x00000000f8d00000)
  from space 58368K, 64% used [0x00000000fc700000,0x00000000feb84290,0x0000000100000000)
  to   space 58880K, 0% used [0x00000000f8d00000,0x00000000f8d00000,0x00000000fc680000)
 ParOldGen       total 340992K, used 129138K [0x00000000a0000000, 0x00000000b4d00000, 0x00000000e0000000)
  object space 340992K, 37% used [0x00000000a0000000,0x00000000a7e1cbd8,0x00000000b4d00000)
 Metaspace       used 93996K, capacity 98026K, committed 99416K, reserved 1136640K
  class space    used 11648K, capacity 12512K, committed 12928K, reserved 1048576K
}

